# JRE version: OpenJDK Runtime Environment (8.0_152-b06) (build 1.8.0_152-release-1136-b06)
# Java VM: OpenJDK 64-Bit Server VM (25.152-b06 mixed mode windows-amd64 compressed oops)
Heap:
 PSYoungGen      total 227328K, used 150117K [0x00000000e0000000, 0x00000000f0500000, 0x0000000100000000)
  eden space 203264K, 63% used [0x00000000e0000000,0x00000000e7ded890,0x00000000ec680000)
  from space 24064K, 87% used [0x00000000edf80000,0x00000000ef42be68,0x00000000ef700000)
  to   space 25600K, 0% used [0x00000000ec680000,0x00000000ec680000,0x00000000edf80000)
 ParOldGen       total 230912K, used 47590K [0x00000000a0000000, 0x00000000ae180000, 0x00000000e0000000)
  object space 230912K, 20% used [0x00000000a0000000,0x00000000a2e79898,0x00000000ae180000)
 Metaspace       used 74946K, capacity 77556K, committed 77848K, reserved 1116160K
  class space    used 9753K, capacity 10416K, committed 10520K, reserved 1048576K
GC Heap History (10 events):
Event: 8.758 GC heap before
{Heap before GC invocations=11 (full 2):
 PSYoungGen      total 160256K, used 62034K [0x00000000e0000000, 0x00000000eb280000, 0x0000000100000000)
  eden space 144896K, 32% used [0x00000000e0000000,0x00000000e2d986e0,0x00000000e8d80000)
  from space 15360K, 99% used [0x00000000e9f00000,0x00000000eadfc3d8,0x00000000eae00000)
  to   space 17920K, 0% used [0x00000000e8d80000,0x00000000e8d80000,0x00000000e9f00000)
 ParOldGen       total 159744K, used 22487K [0x00000000a0000000, 0x00000000a9c00000, 0x00000000e0000000)
  object space 159744K, 14% used [0x00000000a0000000,0x00000000a15f5c90,0x00000000a9c00000)
 Metaspace       used 57584K, capacity 59016K, committed 59160K, reserved 1099776K
  class space    used 7685K, capacity 8128K, committed 8216K, reserved 1048576K
Event: 8.772 GC heap after
Heap after GC invocations=11 (full 2):
 PSYoungGen      total 162816K, used 17896K [0x00000000e0000000, 0x00000000ee480000, 0x0000000100000000)
  eden space 144896K, 0% used [0x00000000e0000000,0x00000000e0000000,0x00000000e8d80000)
  from space 17920K, 99% used [0x00000000e8d80000,0x00000000e9efa190,0x00000000e9f00000)
  to   space 19968K, 0% used [0x00000000ed100000,0x00000000ed100000,0x00000000ee480000)
 ParOldGen       total 159744K, used 22725K [0x00000000a0000000, 0x00000000a9c00000, 0x00000000e0000000)
  object space 159744K, 14% used [0x00000000a0000000,0x00000000a1631410,0x00000000a9c00000)
 Metaspace       used 57584K, capacity 59016K, committed 59160K, reserved 1099776K
  class space    used 7685K, capacity 8128K, committed 8216K, reserved 1048576K
}
Event: 8.772 GC heap before
{Heap before GC invocations=12 (full 3):
 PSYoungGen      total 162816K, used 17896K [0x00000000e0000000, 0x00000000ee480000, 0x0000000100000000)
  eden space 144896K, 0% used [0x00000000e0000000,0x00000000e0000000,0x00000000e8d80000)
  from space 17920K, 99% used [0x00000000e8d80000,0x00000000e9efa190,0x00000000e9f00000)
  to   space 19968K, 0% used [0x00000000ed100000,0x00000000ed100000,0x00000000ee480000)
 ParOldGen       total 159744K, used 22725K [0x00000000a0000000, 0x00000000a9c00000, 0x00000000e0000000)
  object space 159744K, 14% used [0x00000000a0000000,0x00000000a1631410,0x00000000a9c00000)
 Metaspace       used 57584K, capacity 59016K, committed 59160K, reserved 1099776K
  class space    used 7685K, capacity 8128K, committed 8216K, reserved 1048576K
Event: 8.970 GC heap after
Heap after GC invocations=12 (full 3):
 PSYoungGen      total 162816K, used 0K [0x00000000e0000000, 0x00000000ee480000, 0x0000000100000000)
  eden space 144896K, 0% used [0x00000000e0000000,0x00000000e0000000,0x00000000e8d80000)
  from space 17920K, 0% used [0x00000000e8d80000,0x00000000e8d80000,0x00000000e9f00000)
  to   space 19968K, 0% used [0x00000000ed100000,0x00000000ed100000,0x00000000ee480000)
 ParOldGen       total 230912K, used 32934K [0x00000000a0000000, 0x00000000ae180000, 0x00000000e0000000)
  object space 230912K, 14% used [0x00000000a0000000,0x00000000a2029a38,0x00000000ae180000)
 Metaspace       used 57584K, capacity 59016K, committed 59160K, reserved 1099776K
  class space    used 7685K, capacity 8128K, committed 8216K, reserved 1048576K
}
Event: 10.634 GC heap before
{Heap before GC invocations=13 (full 3):
 PSYoungGen      total 162816K, used 144896K [0x00000000e0000000, 0x00000000ee480000, 0x0000000100000000)
  eden space 144896K, 100% used [0x00000000e0000000,0x00000000e8d80000,0x00000000e8d80000)
  from space 17920K, 0% used [0x00000000e8d80000,0x00000000e8d80000,0x00000000e9f00000)
  to   space 19968K, 0% used [0x00000000ed100000,0x00000000ed100000,0x00000000ee480000)
 ParOldGen       total 230912K, used 32934K [0x00000000a0000000, 0x00000000ae180000, 0x00000000e0000000)
  object space 230912K, 14% used [0x00000000a0000000,0x00000000a2029a38,0x00000000ae180000)
 Metaspace       used 62738K, capacity 64448K, committed 64536K, reserved 1105920K
  class space    used 8535K, capacity 8969K, committed 8984K, reserved 1048576K
Event: 10.646 GC heap after
Heap after GC invocations=13 (full 3):
 PSYoungGen      total 187904K, used 13838K [0x00000000e0000000, 0x00000000edf00000, 0x0000000100000000)
  eden space 173568K, 0% used [0x00000000e0000000,0x00000000e0000000,0x00000000ea980000)
  from space 14336K, 96% used [0x00000000ed100000,0x00000000ede83998,0x00000000edf00000)
  to   space 19968K, 0% used [0x00000000eb800000,0x00000000eb800000,0x00000000ecb80000)
 ParOldGen       total 230912K, used 32942K [0x00000000a0000000, 0x00000000ae180000, 0x00000000e0000000)
  object space 230912K, 14% used [0x00000000a0000000,0x00000000a202ba38,0x00000000ae180000)
 Metaspace       used 62738K, capacity 64448K, committed 64536K, reserved 1105920K
  class space    used 8535K, capacity 8969K, committed 8984K, reserved 1048576K
}
Event: 12.576 GC heap before
{Heap before GC invocations=14 (full 3):
 PSYoungGen      total 187904K, used 187406K [0x00000000e0000000, 0x00000000edf00000, 0x0000000100000000)
  eden space 173568K, 100% used [0x00000000e0000000,0x00000000ea980000,0x00000000ea980000)
  from space 14336K, 96% used [0x00000000ed100000,0x00000000ede83998,0x00000000edf00000)
  to   space 19968K, 0% used [0x00000000eb800000,0x00000000eb800000,0x00000000ecb80000)
 ParOldGen       total 230912K, used 32942K [0x00000000a0000000, 0x00000000ae180000, 0x00000000e0000000)
  object space 230912K, 14% used [0x00000000a0000000,0x00000000a202ba38,0x00000000ae180000)
 Metaspace       used 66132K, capacity 68332K, committed 68632K, reserved 1107968K
  class space    used 8929K, capacity 9429K, committed 9496K, reserved 1048576K
Event: 12.593 GC heap after
Heap after GC invocations=14 (full 3):
 PSYoungGen      total 208384K, used 19940K [0x00000000e0000000, 0x00000000ef700000, 0x0000000100000000)
  eden space 188416K, 0% used [0x00000000e0000000,0x00000000e0000000,0x00000000eb800000)
  from space 19968K, 99% used [0x00000000eb800000,0x00000000ecb79090,0x00000000ecb80000)
  to   space 24064K, 0% used [0x00000000edf80000,0x00000000edf80000,0x00000000ef700000)
 ParOldGen       total 230912K, used 38217K [0x00000000a0000000, 0x00000000ae180000, 0x00000000e0000000)
  object space 230912K, 16% used [0x00000000a0000000,0x00000000a25527d8,0x00000000ae180000)
 Metaspace       used 66132K, capacity 68332K, committed 68632K, reserved 1107968K
  class space    used 8929K, capacity 9429K, committed 9496K, reserved 1048576K
}
Event: 69.266 GC heap before
{Heap before GC invocations=15 (full 3):
 PSYoungGen      total 208384K, used 208356K [0x00000000e0000000, 0x00000000ef700000, 0x0000000100000000)
  eden space 188416K, 100% used [0x00000000e0000000,0x00000000eb800000,0x00000000eb800000)
  from space 19968K, 99% used [0x00000000eb800000,0x00000000ecb79090,0x00000000ecb80000)
  to   space 24064K, 0% used [0x00000000edf80000,0x00000000edf80000,0x00000000ef700000)
 ParOldGen       total 230912K, used 38217K [0x00000000a0000000, 0x00000000ae180000, 0x00000000e0000000)
  object space 230912K, 16% used [0x00000000a0000000,0x00000000a25527d8,0x00000000ae180000)
 Metaspace       used 72072K, capacity 74724K, committed 75032K, reserved 1114112K
  class space    used 9498K, capacity 10156K, committed 10264K, reserved 1048576K
Event: 69.296 GC heap after
Heap after GC invocations=15 (full 3):
 PSYoungGen      total 227328K, used 21167K [0x00000000e0000000, 0x00000000f0500000, 0x0000000100000000)
  eden space 203264K, 0% used [0x00000000e0000000,0x00000000e0000000,0x00000000ec680000)
  from space 24064K, 87% used [0x00000000edf80000,0x00000000ef42be68,0x00000000ef700000)
  to   space 25600K, 0% used [0x00000000ec680000,0x00000000ec680000,0x00000000edf80000)
 ParOldGen       total 230912K, used 47590K [0x00000000a0000000, 0x00000000ae180000, 0x00000000e0000000)
  object space 230912K, 20% used [0x00000000a0000000,0x00000000a2e79898,0x00000000ae180000)
 Metaspace       used 72072K, capacity 74724K, committed 75032K, reserved 1114112K
  class space    used 9498K, capacity 10156K, committed 10264K, reserved 1048576K
}

