# JRE version: OpenJDK Runtime Environment (8.0_152-b06) (build 1.8.0_152-release-1136-b06)
# Java VM: OpenJDK 64-Bit Server VM (25.152-b06 mixed mode windows-amd64 compressed oops)
Heap:
 PSYoungGen      total 197120K, used 146156K [0x00000000e0000000, 0x00000000ee080000, 0x0000000100000000)
  eden space 182784K, 72% used [0x00000000e0000000,0x00000000e810ca50,0x00000000eb280000)
  from space 14336K, 97% used [0x00000000eb680000,0x00000000ec42e840,0x00000000ec480000)
  to   space 23552K, 0% used [0x00000000ec980000,0x00000000ec980000,0x00000000ee080000)
 ParOldGen       total 241664K, used 66790K [0x00000000a0000000, 0x00000000aec00000, 0x00000000e0000000)
  object space 241664K, 27% used [0x00000000a0000000,0x00000000a41398d8,0x00000000aec00000)
 Metaspace       used 84448K, capacity 89810K, committed 89984K, reserved 1128448K
  class space    used 10677K, capacity 11820K, committed 11904K, reserved 1048576K
GC Heap History (10 events):
Event: 1380.821 GC heap before
{Heap before GC invocations=22 (full 3):
 PSYoungGen      total 227328K, used 220931K [0x00000000e0000000, 0x00000000f0000000, 0x0000000100000000)
  eden space 205824K, 100% used [0x00000000e0000000,0x00000000ec900000,0x00000000ec900000)
  from space 21504K, 70% used [0x00000000eeb00000,0x00000000ef9c0e88,0x00000000f0000000)
  to   space 28160K, 0% used [0x00000000ec900000,0x00000000ec900000,0x00000000ee480000)
 ParOldGen       total 241664K, used 66750K [0x00000000a0000000, 0x00000000aec00000, 0x00000000e0000000)
  object space 241664K, 27% used [0x00000000a0000000,0x00000000a412f8d8,0x00000000aec00000)
 Metaspace       used 80112K, capacity 84288K, committed 84480K, reserved 1122304K
  class space    used 10192K, capacity 11177K, committed 11264K, reserved 1048576K
Event: 1380.838 GC heap after
Heap after GC invocations=22 (full 3):
 PSYoungGen      total 214528K, used 13815K [0x00000000e0000000, 0x00000000ef900000, 0x0000000100000000)
  eden space 200704K, 0% used [0x00000000e0000000,0x00000000e0000000,0x00000000ec400000)
  from space 13824K, 99% used [0x00000000ec900000,0x00000000ed67dff8,0x00000000ed680000)
  to   space 27136K, 0% used [0x00000000ede80000,0x00000000ede80000,0x00000000ef900000)
 ParOldGen       total 241664K, used 66758K [0x00000000a0000000, 0x00000000aec00000, 0x00000000e0000000)
  object space 241664K, 27% used [0x00000000a0000000,0x00000000a41318d8,0x00000000aec00000)
 Metaspace       used 80112K, capacity 84288K, committed 84480K, reserved 1122304K
  class space    used 10192K, capacity 11177K, committed 11264K, reserved 1048576K
}
Event: 2480.821 GC heap before
{Heap before GC invocations=23 (full 3):
 PSYoungGen      total 214528K, used 214519K [0x00000000e0000000, 0x00000000ef900000, 0x0000000100000000)
  eden space 200704K, 100% used [0x00000000e0000000,0x00000000ec400000,0x00000000ec400000)
  from space 13824K, 99% used [0x00000000ec900000,0x00000000ed67dff8,0x00000000ed680000)
  to   space 27136K, 0% used [0x00000000ede80000,0x00000000ede80000,0x00000000ef900000)
 ParOldGen       total 241664K, used 66758K [0x00000000a0000000, 0x00000000aec00000, 0x00000000e0000000)
  object space 241664K, 27% used [0x00000000a0000000,0x00000000a41318d8,0x00000000aec00000)
 Metaspace       used 80971K, capacity 86080K, committed 86272K, reserved 1124352K
  class space    used 10339K, capacity 11433K, committed 11520K, reserved 1048576K
Event: 2480.841 GC heap after
Heap after GC invocations=23 (full 3):
 PSYoungGen      total 216576K, used 11895K [0x00000000e0000000, 0x00000000ef280000, 0x0000000100000000)
  eden space 196096K, 0% used [0x00000000e0000000,0x00000000e0000000,0x00000000ebf80000)
  from space 20480K, 58% used [0x00000000ede80000,0x00000000eea1de78,0x00000000ef280000)
  to   space 26112K, 0% used [0x00000000ebf80000,0x00000000ebf80000,0x00000000ed900000)
 ParOldGen       total 241664K, used 66766K [0x00000000a0000000, 0x00000000aec00000, 0x00000000e0000000)
  object space 241664K, 27% used [0x00000000a0000000,0x00000000a41338d8,0x00000000aec00000)
 Metaspace       used 80971K, capacity 86080K, committed 86272K, reserved 1124352K
  class space    used 10339K, capacity 11433K, committed 11520K, reserved 1048576K
}
Event: 2605.666 GC heap before
{Heap before GC invocations=24 (full 3):
 PSYoungGen      total 216576K, used 207991K [0x00000000e0000000, 0x00000000ef280000, 0x0000000100000000)
  eden space 196096K, 100% used [0x00000000e0000000,0x00000000ebf80000,0x00000000ebf80000)
  from space 20480K, 58% used [0x00000000ede80000,0x00000000eea1de78,0x00000000ef280000)
  to   space 26112K, 0% used [0x00000000ebf80000,0x00000000ebf80000,0x00000000ed900000)
 ParOldGen       total 241664K, used 66766K [0x00000000a0000000, 0x00000000aec00000, 0x00000000e0000000)
  object space 241664K, 27% used [0x00000000a0000000,0x00000000a41338d8,0x00000000aec00000)
 Metaspace       used 81188K, capacity 86444K, committed 86528K, reserved 1124352K
  class space    used 10355K, capacity 11461K, committed 11520K, reserved 1048576K
Event: 2605.689 GC heap after
Heap after GC invocations=24 (full 3):
 PSYoungGen      total 205312K, used 13383K [0x00000000e0000000, 0x00000000eed00000, 0x0000000100000000)
  eden space 191488K, 0% used [0x00000000e0000000,0x00000000e0000000,0x00000000ebb00000)
  from space 13824K, 96% used [0x00000000ebf80000,0x00000000ecc91e88,0x00000000ecd00000)
  to   space 25600K, 0% used [0x00000000ed400000,0x00000000ed400000,0x00000000eed00000)
 ParOldGen       total 241664K, used 66774K [0x00000000a0000000, 0x00000000aec00000, 0x00000000e0000000)
  object space 241664K, 27% used [0x00000000a0000000,0x00000000a41358d8,0x00000000aec00000)
 Metaspace       used 81188K, capacity 86444K, committed 86528K, reserved 1124352K
  class space    used 10355K, capacity 11461K, committed 11520K, reserved 1048576K
}
Event: 2836.321 GC heap before
{Heap before GC invocations=25 (full 3):
 PSYoungGen      total 205312K, used 204871K [0x00000000e0000000, 0x00000000eed00000, 0x0000000100000000)
  eden space 191488K, 100% used [0x00000000e0000000,0x00000000ebb00000,0x00000000ebb00000)
  from space 13824K, 96% used [0x00000000ebf80000,0x00000000ecc91e88,0x00000000ecd00000)
  to   space 25600K, 0% used [0x00000000ed400000,0x00000000ed400000,0x00000000eed00000)
 ParOldGen       total 241664K, used 66774K [0x00000000a0000000, 0x00000000aec00000, 0x00000000e0000000)
  object space 241664K, 27% used [0x00000000a0000000,0x00000000a41358d8,0x00000000aec00000)
 Metaspace       used 81291K, capacity 86572K, committed 86784K, reserved 1124352K
  class space    used 10355K, capacity 11461K, committed 11520K, reserved 1048576K
Event: 2836.331 GC heap after
Heap after GC invocations=25 (full 3):
 PSYoungGen      total 205824K, used 13191K [0x00000000e0000000, 0x00000000ee680000, 0x0000000100000000)
  eden space 186880K, 0% used [0x00000000e0000000,0x00000000e0000000,0x00000000eb680000)
  from space 18944K, 69% used [0x00000000ed400000,0x00000000ee0e1ea8,0x00000000ee680000)
  to   space 24576K, 0% used [0x00000000eb680000,0x00000000eb680000,0x00000000ece80000)
 ParOldGen       total 241664K, used 66782K [0x00000000a0000000, 0x00000000aec00000, 0x00000000e0000000)
  object space 241664K, 27% used [0x00000000a0000000,0x00000000a41378d8,0x00000000aec00000)
 Metaspace       used 81291K, capacity 86572K, committed 86784K, reserved 1124352K
  class space    used 10355K, capacity 11461K, committed 11520K, reserved 1048576K
}
Event: 2887.825 GC heap before
{Heap before GC invocations=26 (full 3):
 PSYoungGen      total 205824K, used 200071K [0x00000000e0000000, 0x00000000ee680000, 0x0000000100000000)
  eden space 186880K, 100% used [0x00000000e0000000,0x00000000eb680000,0x00000000eb680000)
  from space 18944K, 69% used [0x00000000ed400000,0x00000000ee0e1ea8,0x00000000ee680000)
  to   space 24576K, 0% used [0x00000000eb680000,0x00000000eb680000,0x00000000ece80000)
 ParOldGen       total 241664K, used 66782K [0x00000000a0000000, 0x00000000aec00000, 0x00000000e0000000)
  object space 241664K, 27% used [0x00000000a0000000,0x00000000a41378d8,0x00000000aec00000)
 Metaspace       used 81681K, capacity 86958K, committed 87040K, reserved 1124352K
  class space    used 10399K, capacity 11514K, committed 11520K, reserved 1048576K
Event: 2887.836 GC heap after
Heap after GC invocations=26 (full 3):
 PSYoungGen      total 197120K, used 14010K [0x00000000e0000000, 0x00000000ee080000, 0x0000000100000000)
  eden space 182784K, 0% used [0x00000000e0000000,0x00000000e0000000,0x00000000eb280000)
  from space 14336K, 97% used [0x00000000eb680000,0x00000000ec42e840,0x00000000ec480000)
  to   space 23552K, 0% used [0x00000000ec980000,0x00000000ec980000,0x00000000ee080000)
 ParOldGen       total 241664K, used 66790K [0x00000000a0000000, 0x00000000aec00000, 0x00000000e0000000)
  object space 241664K, 27% used [0x00000000a0000000,0x00000000a41398d8,0x00000000aec00000)
 Metaspace       used 81681K, capacity 86958K, committed 87040K, reserved 1124352K
  class space    used 10399K, capacity 11514K, committed 11520K, reserved 1048576K
}

