# JRE version: OpenJDK Runtime Environment (8.0_152-b06) (build 1.8.0_152-release-1136-b06)
# Java VM: OpenJDK 64-Bit Server VM (25.152-b06 mixed mode windows-amd64 compressed oops)
Heap:
 PSYoungGen      total 196608K, used 41059K [0x00000000e0000000, 0x00000000eef80000, 0x0000000100000000)
  eden space 177152K, 12% used [0x00000000e0000000,0x00000000e151ef08,0x00000000ead00000)
  from space 19456K, 99% used [0x00000000ead00000,0x00000000ebffa030,0x00000000ec000000)
  to   space 23552K, 0% used [0x00000000ed880000,0x00000000ed880000,0x00000000eef80000)
 ParOldGen       total 247808K, used 36567K [0x00000000a0000000, 0x00000000af200000, 0x00000000e0000000)
  object space 247808K, 14% used [0x00000000a0000000,0x00000000a23b5e18,0x00000000af200000)
 Metaspace       used 67532K, capacity 69880K, committed 70168K, reserved 1110016K
  class space    used 9040K, capacity 9655K, committed 9760K, reserved 1048576K
GC Heap History (10 events):
Event: 7.638 GC heap before
{Heap before GC invocations=10 (full 2):
 PSYoungGen      total 112640K, used 112631K [0x00000000e0000000, 0x00000000ea980000, 0x0000000100000000)
  eden space 98304K, 100% used [0x00000000e0000000,0x00000000e6000000,0x00000000e6000000)
  from space 14336K, 99% used [0x00000000e6000000,0x00000000e6dfdf60,0x00000000e6e00000)
  to   space 16384K, 0% used [0x00000000e9980000,0x00000000e9980000,0x00000000ea980000)
 ParOldGen       total 174592K, used 20509K [0x00000000a0000000, 0x00000000aaa80000, 0x00000000e0000000)
  object space 174592K, 11% used [0x00000000a0000000,0x00000000a14074b8,0x00000000aaa80000)
 Metaspace       used 54615K, capacity 56026K, committed 56232K, reserved 1097728K
  class space    used 7307K, capacity 7737K, committed 7856K, reserved 1048576K
Event: 7.650 GC heap after
Heap after GC invocations=10 (full 2):
 PSYoungGen      total 154624K, used 16361K [0x00000000e0000000, 0x00000000eaf00000, 0x0000000100000000)
  eden space 138240K, 0% used [0x00000000e0000000,0x00000000e0000000,0x00000000e8700000)
  from space 16384K, 99% used [0x00000000e9980000,0x00000000ea97a7e0,0x00000000ea980000)
  to   space 18944K, 0% used [0x00000000e8700000,0x00000000e8700000,0x00000000e9980000)
 ParOldGen       total 174592K, used 21821K [0x00000000a0000000, 0x00000000aaa80000, 0x00000000e0000000)
  object space 174592K, 12% used [0x00000000a0000000,0x00000000a154f4f8,0x00000000aaa80000)
 Metaspace       used 54615K, capacity 56026K, committed 56232K, reserved 1097728K
  class space    used 7307K, capacity 7737K, committed 7856K, reserved 1048576K
}
Event: 7.957 GC heap before
{Heap before GC invocations=11 (full 2):
 PSYoungGen      total 154624K, used 55535K [0x00000000e0000000, 0x00000000eaf00000, 0x0000000100000000)
  eden space 138240K, 28% used [0x00000000e0000000,0x00000000e2641460,0x00000000e8700000)
  from space 16384K, 99% used [0x00000000e9980000,0x00000000ea97a7e0,0x00000000ea980000)
  to   space 18944K, 0% used [0x00000000e8700000,0x00000000e8700000,0x00000000e9980000)
 ParOldGen       total 174592K, used 21821K [0x00000000a0000000, 0x00000000aaa80000, 0x00000000e0000000)
  object space 174592K, 12% used [0x00000000a0000000,0x00000000a154f4f8,0x00000000aaa80000)
 Metaspace       used 57601K, capacity 59024K, committed 59160K, reserved 1099776K
  class space    used 7731K, capacity 8146K, committed 8224K, reserved 1048576K
Event: 7.970 GC heap after
Heap after GC invocations=11 (full 2):
 PSYoungGen      total 157184K, used 16819K [0x00000000e0000000, 0x00000000edc00000, 0x0000000100000000)
  eden space 138240K, 0% used [0x00000000e0000000,0x00000000e0000000,0x00000000e8700000)
  from space 18944K, 88% used [0x00000000e8700000,0x00000000e976cee8,0x00000000e9980000)
  to   space 20480K, 0% used [0x00000000ec800000,0x00000000ec800000,0x00000000edc00000)
 ParOldGen       total 174592K, used 21829K [0x00000000a0000000, 0x00000000aaa80000, 0x00000000e0000000)
  object space 174592K, 12% used [0x00000000a0000000,0x00000000a15514f8,0x00000000aaa80000)
 Metaspace       used 57601K, capacity 59024K, committed 59160K, reserved 1099776K
  class space    used 7731K, capacity 8146K, committed 8224K, reserved 1048576K
}
Event: 7.970 GC heap before
{Heap before GC invocations=12 (full 3):
 PSYoungGen      total 157184K, used 16819K [0x00000000e0000000, 0x00000000edc00000, 0x0000000100000000)
  eden space 138240K, 0% used [0x00000000e0000000,0x00000000e0000000,0x00000000e8700000)
  from space 18944K, 88% used [0x00000000e8700000,0x00000000e976cee8,0x00000000e9980000)
  to   space 20480K, 0% used [0x00000000ec800000,0x00000000ec800000,0x00000000edc00000)
 ParOldGen       total 174592K, used 21829K [0x00000000a0000000, 0x00000000aaa80000, 0x00000000e0000000)
  object space 174592K, 12% used [0x00000000a0000000,0x00000000a15514f8,0x00000000aaa80000)
 Metaspace       used 57601K, capacity 59024K, committed 59160K, reserved 1099776K
  class space    used 7731K, capacity 8146K, committed 8224K, reserved 1048576K
Event: 8.135 GC heap after
Heap after GC invocations=12 (full 3):
 PSYoungGen      total 157184K, used 0K [0x00000000e0000000, 0x00000000edc00000, 0x0000000100000000)
  eden space 138240K, 0% used [0x00000000e0000000,0x00000000e0000000,0x00000000e8700000)
  from space 18944K, 0% used [0x00000000e8700000,0x00000000e8700000,0x00000000e9980000)
  to   space 20480K, 0% used [0x00000000ec800000,0x00000000ec800000,0x00000000edc00000)
 ParOldGen       total 247808K, used 32296K [0x00000000a0000000, 0x00000000af200000, 0x00000000e0000000)
  object space 247808K, 13% used [0x00000000a0000000,0x00000000a1f8a318,0x00000000af200000)
 Metaspace       used 57578K, capacity 58936K, committed 59160K, reserved 1099776K
  class space    used 7724K, capacity 8138K, committed 8224K, reserved 1048576K
}
Event: 9.339 GC heap before
{Heap before GC invocations=13 (full 3):
 PSYoungGen      total 157184K, used 138240K [0x00000000e0000000, 0x00000000edc00000, 0x0000000100000000)
  eden space 138240K, 100% used [0x00000000e0000000,0x00000000e8700000,0x00000000e8700000)
  from space 18944K, 0% used [0x00000000e8700000,0x00000000e8700000,0x00000000e9980000)
  to   space 20480K, 0% used [0x00000000ec800000,0x00000000ec800000,0x00000000edc00000)
 ParOldGen       total 247808K, used 32296K [0x00000000a0000000, 0x00000000af200000, 0x00000000e0000000)
  object space 247808K, 13% used [0x00000000a0000000,0x00000000a1f8a318,0x00000000af200000)
 Metaspace       used 62650K, capacity 64476K, committed 64664K, reserved 1105920K
  class space    used 8576K, capacity 9055K, committed 9120K, reserved 1048576K
Event: 9.350 GC heap after
Heap after GC invocations=13 (full 3):
 PSYoungGen      total 177152K, used 10785K [0x00000000e0000000, 0x00000000ed300000, 0x0000000100000000)
  eden space 165888K, 0% used [0x00000000e0000000,0x00000000e0000000,0x00000000ea200000)
  from space 11264K, 95% used [0x00000000ec800000,0x00000000ed288468,0x00000000ed300000)
  to   space 19456K, 0% used [0x00000000ead00000,0x00000000ead00000,0x00000000ec000000)
 ParOldGen       total 247808K, used 32304K [0x00000000a0000000, 0x00000000af200000, 0x00000000e0000000)
  object space 247808K, 13% used [0x00000000a0000000,0x00000000a1f8c318,0x00000000af200000)
 Metaspace       used 62650K, capacity 64476K, committed 64664K, reserved 1105920K
  class space    used 8576K, capacity 9055K, committed 9120K, reserved 1048576K
}
Event: 11.087 GC heap before
{Heap before GC invocations=14 (full 3):
 PSYoungGen      total 177152K, used 176673K [0x00000000e0000000, 0x00000000ed300000, 0x0000000100000000)
  eden space 165888K, 100% used [0x00000000e0000000,0x00000000ea200000,0x00000000ea200000)
  from space 11264K, 95% used [0x00000000ec800000,0x00000000ed288468,0x00000000ed300000)
  to   space 19456K, 0% used [0x00000000ead00000,0x00000000ead00000,0x00000000ec000000)
 ParOldGen       total 247808K, used 32304K [0x00000000a0000000, 0x00000000af200000, 0x00000000e0000000)
  object space 247808K, 13% used [0x00000000a0000000,0x00000000a1f8c318,0x00000000af200000)
 Metaspace       used 65080K, capacity 67156K, committed 67480K, reserved 1107968K
  class space    used 8825K, capacity 9337K, committed 9376K, reserved 1048576K
Event: 11.110 GC heap after
Heap after GC invocations=14 (full 3):
 PSYoungGen      total 196608K, used 19432K [0x00000000e0000000, 0x00000000eef80000, 0x0000000100000000)
  eden space 177152K, 0% used [0x00000000e0000000,0x00000000e0000000,0x00000000ead00000)
  from space 19456K, 99% used [0x00000000ead00000,0x00000000ebffa030,0x00000000ec000000)
  to   space 23552K, 0% used [0x00000000ed880000,0x00000000ed880000,0x00000000eef80000)
 ParOldGen       total 247808K, used 36567K [0x00000000a0000000, 0x00000000af200000, 0x00000000e0000000)
  object space 247808K, 14% used [0x00000000a0000000,0x00000000a23b5e18,0x00000000af200000)
 Metaspace       used 65080K, capacity 67156K, committed 67480K, reserved 1107968K
  class space    used 8825K, capacity 9337K, committed 9376K, reserved 1048576K
}

