# JRE version: OpenJDK Runtime Environment (8.0_152-b06) (build 1.8.0_152-release-1136-b06)
# Java VM: OpenJDK 64-Bit Server VM (25.152-b06 mixed mode windows-amd64 compressed oops)
Heap:
 PSYoungGen      total 164352K, used 41069K [0x00000000e0000000, 0x00000000eb400000, 0x0000000100000000)
  eden space 151552K, 26% used [0x00000000e0000000,0x00000000e26e9f28,0x00000000e9400000)
  from space 12800K, 9% used [0x00000000ea200000,0x00000000ea331540,0x00000000eae80000)
  to   space 14336K, 0% used [0x00000000e9400000,0x00000000e9400000,0x00000000ea200000)
 ParOldGen       total 118784K, used 23314K [0x00000000a0000000, 0x00000000a7400000, 0x00000000e0000000)
  object space 118784K, 19% used [0x00000000a0000000,0x00000000a16c48b0,0x00000000a7400000)
 Metaspace       used 48357K, capacity 49268K, committed 49576K, reserved 1091584K
  class space    used 6196K, capacity 6498K, committed 6568K, reserved 1048576K
GC Heap History (10 events):
Event: 8.054 GC heap before
{Heap before GC invocations=10 (full 1):
 PSYoungGen      total 164352K, used 15194K [0x00000000e0000000, 0x00000000eb400000, 0x0000000100000000)
  eden space 151552K, 1% used [0x00000000e0000000,0x00000000e02d7ce0,0x00000000e9400000)
  from space 12800K, 95% used [0x00000000ea200000,0x00000000eadfecf0,0x00000000eae80000)
  to   space 14336K, 0% used [0x00000000e9400000,0x00000000e9400000,0x00000000ea200000)
 ParOldGen       total 105984K, used 10096K [0x00000000a0000000, 0x00000000a6780000, 0x00000000e0000000)
  object space 105984K, 9% used [0x00000000a0000000,0x00000000a09dc2c8,0x00000000a6780000)
 Metaspace       used 34662K, capacity 35440K, committed 35496K, reserved 1079296K
  class space    used 4703K, capacity 4995K, committed 5032K, reserved 1048576K
Event: 8.069 GC heap after
Heap after GC invocations=10 (full 1):
 PSYoungGen      total 165888K, used 6801K [0x00000000e0000000, 0x00000000eb400000, 0x0000000100000000)
  eden space 151552K, 0% used [0x00000000e0000000,0x00000000e0000000,0x00000000e9400000)
  from space 14336K, 47% used [0x00000000e9400000,0x00000000e9aa46e8,0x00000000ea200000)
  to   space 12800K, 0% used [0x00000000ea200000,0x00000000ea200000,0x00000000eae80000)
 ParOldGen       total 105984K, used 14195K [0x00000000a0000000, 0x00000000a6780000, 0x00000000e0000000)
  object space 105984K, 13% used [0x00000000a0000000,0x00000000a0ddcf18,0x00000000a6780000)
 Metaspace       used 34662K, capacity 35440K, committed 35496K, reserved 1079296K
  class space    used 4703K, capacity 4995K, committed 5032K, reserved 1048576K
}
Event: 8.069 GC heap before
{Heap before GC invocations=11 (full 2):
 PSYoungGen      total 165888K, used 6801K [0x00000000e0000000, 0x00000000eb400000, 0x0000000100000000)
  eden space 151552K, 0% used [0x00000000e0000000,0x00000000e0000000,0x00000000e9400000)
  from space 14336K, 47% used [0x00000000e9400000,0x00000000e9aa46e8,0x00000000ea200000)
  to   space 12800K, 0% used [0x00000000ea200000,0x00000000ea200000,0x00000000eae80000)
 ParOldGen       total 105984K, used 14195K [0x00000000a0000000, 0x00000000a6780000, 0x00000000e0000000)
  object space 105984K, 13% used [0x00000000a0000000,0x00000000a0ddcf18,0x00000000a6780000)
 Metaspace       used 34662K, capacity 35440K, committed 35496K, reserved 1079296K
  class space    used 4703K, capacity 4995K, committed 5032K, reserved 1048576K
Event: 8.131 GC heap after
Heap after GC invocations=11 (full 2):
 PSYoungGen      total 165888K, used 0K [0x00000000e0000000, 0x00000000eb400000, 0x0000000100000000)
  eden space 151552K, 0% used [0x00000000e0000000,0x00000000e0000000,0x00000000e9400000)
  from space 14336K, 0% used [0x00000000e9400000,0x00000000e9400000,0x00000000ea200000)
  to   space 12800K, 0% used [0x00000000ea200000,0x00000000ea200000,0x00000000eae80000)
 ParOldGen       total 118784K, used 17431K [0x00000000a0000000, 0x00000000a7400000, 0x00000000e0000000)
  object space 118784K, 14% used [0x00000000a0000000,0x00000000a1105f30,0x00000000a7400000)
 Metaspace       used 34592K, capacity 35284K, committed 35496K, reserved 1079296K
  class space    used 4684K, capacity 4943K, committed 5032K, reserved 1048576K
}
Event: 38.187 GC heap before
{Heap before GC invocations=12 (full 2):
 PSYoungGen      total 165888K, used 151552K [0x00000000e0000000, 0x00000000eb400000, 0x0000000100000000)
  eden space 151552K, 100% used [0x00000000e0000000,0x00000000e9400000,0x00000000e9400000)
  from space 14336K, 0% used [0x00000000e9400000,0x00000000e9400000,0x00000000ea200000)
  to   space 12800K, 0% used [0x00000000ea200000,0x00000000ea200000,0x00000000eae80000)
 ParOldGen       total 118784K, used 17431K [0x00000000a0000000, 0x00000000a7400000, 0x00000000e0000000)
  object space 118784K, 14% used [0x00000000a0000000,0x00000000a1105f30,0x00000000a7400000)
 Metaspace       used 41862K, capacity 42614K, committed 42920K, reserved 1087488K
  class space    used 5406K, capacity 5668K, committed 5800K, reserved 1048576K
Event: 38.194 GC heap after
Heap after GC invocations=12 (full 2):
 PSYoungGen      total 164352K, used 7701K [0x00000000e0000000, 0x00000000eb400000, 0x0000000100000000)
  eden space 151552K, 0% used [0x00000000e0000000,0x00000000e0000000,0x00000000e9400000)
  from space 12800K, 60% used [0x00000000ea200000,0x00000000ea985758,0x00000000eae80000)
  to   space 14336K, 0% used [0x00000000e9400000,0x00000000e9400000,0x00000000ea200000)
 ParOldGen       total 118784K, used 17519K [0x00000000a0000000, 0x00000000a7400000, 0x00000000e0000000)
  object space 118784K, 14% used [0x00000000a0000000,0x00000000a111bf40,0x00000000a7400000)
 Metaspace       used 41862K, capacity 42614K, committed 42920K, reserved 1087488K
  class space    used 5406K, capacity 5668K, committed 5800K, reserved 1048576K
}
Event: 47.460 GC heap before
{Heap before GC invocations=13 (full 2):
 PSYoungGen      total 164352K, used 159253K [0x00000000e0000000, 0x00000000eb400000, 0x0000000100000000)
  eden space 151552K, 100% used [0x00000000e0000000,0x00000000e9400000,0x00000000e9400000)
  from space 12800K, 60% used [0x00000000ea200000,0x00000000ea985758,0x00000000eae80000)
  to   space 14336K, 0% used [0x00000000e9400000,0x00000000e9400000,0x00000000ea200000)
 ParOldGen       total 118784K, used 17519K [0x00000000a0000000, 0x00000000a7400000, 0x00000000e0000000)
  object space 118784K, 14% used [0x00000000a0000000,0x00000000a111bf40,0x00000000a7400000)
 Metaspace       used 42115K, capacity 42850K, committed 43176K, reserved 1087488K
  class space    used 5412K, capacity 5702K, committed 5800K, reserved 1048576K
Event: 47.465 GC heap after
Heap after GC invocations=13 (full 2):
 PSYoungGen      total 165888K, used 6262K [0x00000000e0000000, 0x00000000eb400000, 0x0000000100000000)
  eden space 151552K, 0% used [0x00000000e0000000,0x00000000e0000000,0x00000000e9400000)
  from space 14336K, 43% used [0x00000000e9400000,0x00000000e9a1da90,0x00000000ea200000)
  to   space 12800K, 0% used [0x00000000ea200000,0x00000000ea200000,0x00000000eae80000)
 ParOldGen       total 118784K, used 17527K [0x00000000a0000000, 0x00000000a7400000, 0x00000000e0000000)
  object space 118784K, 14% used [0x00000000a0000000,0x00000000a111df40,0x00000000a7400000)
 Metaspace       used 42115K, capacity 42850K, committed 43176K, reserved 1087488K
  class space    used 5412K, capacity 5702K, committed 5800K, reserved 1048576K
}
Event: 48.822 GC heap before
{Heap before GC invocations=14 (full 2):
 PSYoungGen      total 165888K, used 157814K [0x00000000e0000000, 0x00000000eb400000, 0x0000000100000000)
  eden space 151552K, 100% used [0x00000000e0000000,0x00000000e9400000,0x00000000e9400000)
  from space 14336K, 43% used [0x00000000e9400000,0x00000000e9a1da90,0x00000000ea200000)
  to   space 12800K, 0% used [0x00000000ea200000,0x00000000ea200000,0x00000000eae80000)
 ParOldGen       total 118784K, used 17527K [0x00000000a0000000, 0x00000000a7400000, 0x00000000e0000000)
  object space 118784K, 14% used [0x00000000a0000000,0x00000000a111df40,0x00000000a7400000)
 Metaspace       used 42582K, capacity 43346K, committed 43688K, reserved 1087488K
  class space    used 5505K, capacity 5781K, committed 5800K, reserved 1048576K
Event: 48.830 GC heap after
Heap after GC invocations=14 (full 2):
 PSYoungGen      total 164352K, used 1221K [0x00000000e0000000, 0x00000000eb400000, 0x0000000100000000)
  eden space 151552K, 0% used [0x00000000e0000000,0x00000000e0000000,0x00000000e9400000)
  from space 12800K, 9% used [0x00000000ea200000,0x00000000ea331540,0x00000000eae80000)
  to   space 14336K, 0% used [0x00000000e9400000,0x00000000e9400000,0x00000000ea200000)
 ParOldGen       total 118784K, used 23314K [0x00000000a0000000, 0x00000000a7400000, 0x00000000e0000000)
  object space 118784K, 19% used [0x00000000a0000000,0x00000000a16c48b0,0x00000000a7400000)
 Metaspace       used 42582K, capacity 43346K, committed 43688K, reserved 1087488K
  class space    used 5505K, capacity 5781K, committed 5800K, reserved 1048576K
}

