# JRE version: OpenJDK Runtime Environment (8.0_152-b06) (build 1.8.0_152-release-1136-b06)
# Java VM: OpenJDK 64-Bit Server VM (25.152-b06 mixed mode windows-amd64 compressed oops)
Heap:
 PSYoungGen      total 112128K, used 1858K [0x00000000e0000000, 0x00000000e7e00000, 0x0000000100000000)
  eden space 98304K, 1% used [0x00000000e0000000,0x00000000e01d0a28,0x00000000e6000000)
  from space 13824K, 0% used [0x00000000e6000000,0x00000000e6000000,0x00000000e6d80000)
  to   space 12288K, 0% used [0x00000000e6d80000,0x00000000e6d80000,0x00000000e7980000)
 ParOldGen       total 175616K, used 31959K [0x00000000a0000000, 0x00000000aab80000, 0x00000000e0000000)
  object space 175616K, 18% used [0x00000000a0000000,0x00000000a1f35ef8,0x00000000aab80000)
 Metaspace       used 57574K, capacity 59014K, committed 59160K, reserved 1099776K
  class space    used 7733K, capacity 8147K, committed 8240K, reserved 1048576K
GC Heap History (10 events):
Event: 5.350 GC heap before
{Heap before GC invocations=8 (full 2):
 PSYoungGen      total 110592K, used 12269K [0x00000000e0000000, 0x00000000e7e00000, 0x0000000100000000)
  eden space 98304K, 0% used [0x00000000e0000000,0x00000000e0000000,0x00000000e6000000)
  from space 12288K, 99% used [0x00000000e6d80000,0x00000000e797b550,0x00000000e7980000)
  to   space 13824K, 0% used [0x00000000e6000000,0x00000000e6000000,0x00000000e6d80000)
 ParOldGen       total 106496K, used 10676K [0x00000000a0000000, 0x00000000a6800000, 0x00000000e0000000)
  object space 106496K, 10% used [0x00000000a0000000,0x00000000a0a6d180,0x00000000a6800000)
 Metaspace       used 34733K, capacity 35384K, committed 35496K, reserved 1079296K
  class space    used 4789K, capacity 5017K, committed 5040K, reserved 1048576K
Event: 5.400 GC heap after
Heap after GC invocations=8 (full 2):
 PSYoungGen      total 110592K, used 0K [0x00000000e0000000, 0x00000000e7e00000, 0x0000000100000000)
  eden space 98304K, 0% used [0x00000000e0000000,0x00000000e0000000,0x00000000e6000000)
  from space 12288K, 0% used [0x00000000e6d80000,0x00000000e6d80000,0x00000000e7980000)
  to   space 13824K, 0% used [0x00000000e6000000,0x00000000e6000000,0x00000000e6d80000)
 ParOldGen       total 175616K, used 19567K [0x00000000a0000000, 0x00000000aab80000, 0x00000000e0000000)
  object space 175616K, 11% used [0x00000000a0000000,0x00000000a131be30,0x00000000aab80000)
 Metaspace       used 34733K, capacity 35384K, committed 35496K, reserved 1079296K
  class space    used 4789K, capacity 5017K, committed 5040K, reserved 1048576K
}
Event: 6.323 GC heap before
{Heap before GC invocations=9 (full 2):
 PSYoungGen      total 110592K, used 98304K [0x00000000e0000000, 0x00000000e7e00000, 0x0000000100000000)
  eden space 98304K, 100% used [0x00000000e0000000,0x00000000e6000000,0x00000000e6000000)
  from space 12288K, 0% used [0x00000000e6d80000,0x00000000e6d80000,0x00000000e7980000)
  to   space 13824K, 0% used [0x00000000e6000000,0x00000000e6000000,0x00000000e6d80000)
 ParOldGen       total 175616K, used 19567K [0x00000000a0000000, 0x00000000aab80000, 0x00000000e0000000)
  object space 175616K, 11% used [0x00000000a0000000,0x00000000a131be30,0x00000000aab80000)
 Metaspace       used 45703K, capacity 46682K, committed 46888K, reserved 1089536K
  class space    used 6127K, capacity 6428K, committed 6448K, reserved 1048576K
Event: 6.333 GC heap after
Heap after GC invocations=9 (full 2):
 PSYoungGen      total 112128K, used 13816K [0x00000000e0000000, 0x00000000e7e00000, 0x0000000100000000)
  eden space 98304K, 0% used [0x00000000e0000000,0x00000000e0000000,0x00000000e6000000)
  from space 13824K, 99% used [0x00000000e6000000,0x00000000e6d7e000,0x00000000e6d80000)
  to   space 12288K, 0% used [0x00000000e6d80000,0x00000000e6d80000,0x00000000e7980000)
 ParOldGen       total 175616K, used 21151K [0x00000000a0000000, 0x00000000aab80000, 0x00000000e0000000)
  object space 175616K, 12% used [0x00000000a0000000,0x00000000a14a7c70,0x00000000aab80000)
 Metaspace       used 45703K, capacity 46682K, committed 46888K, reserved 1089536K
  class space    used 6127K, capacity 6428K, committed 6448K, reserved 1048576K
}
Event: 7.271 GC heap before
{Heap before GC invocations=10 (full 2):
 PSYoungGen      total 112128K, used 112120K [0x00000000e0000000, 0x00000000e7e00000, 0x0000000100000000)
  eden space 98304K, 100% used [0x00000000e0000000,0x00000000e6000000,0x00000000e6000000)
  from space 13824K, 99% used [0x00000000e6000000,0x00000000e6d7e000,0x00000000e6d80000)
  to   space 12288K, 0% used [0x00000000e6d80000,0x00000000e6d80000,0x00000000e7980000)
 ParOldGen       total 175616K, used 21151K [0x00000000a0000000, 0x00000000aab80000, 0x00000000e0000000)
  object space 175616K, 12% used [0x00000000a0000000,0x00000000a14a7c70,0x00000000aab80000)
 Metaspace       used 54598K, capacity 55964K, committed 56104K, reserved 1097728K
  class space    used 7314K, capacity 7718K, committed 7728K, reserved 1048576K
Event: 7.284 GC heap after
Heap after GC invocations=10 (full 2):
 PSYoungGen      total 110592K, used 12277K [0x00000000e0000000, 0x00000000e7e00000, 0x0000000100000000)
  eden space 98304K, 0% used [0x00000000e0000000,0x00000000e0000000,0x00000000e6000000)
  from space 12288K, 99% used [0x00000000e6d80000,0x00000000e797d778,0x00000000e7980000)
  to   space 13824K, 0% used [0x00000000e6000000,0x00000000e6000000,0x00000000e6d80000)
 ParOldGen       total 175616K, used 26201K [0x00000000a0000000, 0x00000000aab80000, 0x00000000e0000000)
  object space 175616K, 14% used [0x00000000a0000000,0x00000000a19965c8,0x00000000aab80000)
 Metaspace       used 54598K, capacity 55964K, committed 56104K, reserved 1097728K
  class space    used 7314K, capacity 7718K, committed 7728K, reserved 1048576K
}
Event: 7.542 GC heap before
{Heap before GC invocations=11 (full 2):
 PSYoungGen      total 110592K, used 51465K [0x00000000e0000000, 0x00000000e7e00000, 0x0000000100000000)
  eden space 98304K, 39% used [0x00000000e0000000,0x00000000e2644f38,0x00000000e6000000)
  from space 12288K, 99% used [0x00000000e6d80000,0x00000000e797d778,0x00000000e7980000)
  to   space 13824K, 0% used [0x00000000e6000000,0x00000000e6000000,0x00000000e6d80000)
 ParOldGen       total 175616K, used 26201K [0x00000000a0000000, 0x00000000aab80000, 0x00000000e0000000)
  object space 175616K, 14% used [0x00000000a0000000,0x00000000a19965c8,0x00000000aab80000)
 Metaspace       used 57581K, capacity 59032K, committed 59160K, reserved 1099776K
  class space    used 7734K, capacity 8154K, committed 8240K, reserved 1048576K
Event: 7.553 GC heap after
Heap after GC invocations=11 (full 2):
 PSYoungGen      total 112128K, used 13800K [0x00000000e0000000, 0x00000000e7e00000, 0x0000000100000000)
  eden space 98304K, 0% used [0x00000000e0000000,0x00000000e0000000,0x00000000e6000000)
  from space 13824K, 99% used [0x00000000e6000000,0x00000000e6d7a180,0x00000000e6d80000)
  to   space 12288K, 0% used [0x00000000e6d80000,0x00000000e6d80000,0x00000000e7980000)
 ParOldGen       total 175616K, used 28888K [0x00000000a0000000, 0x00000000aab80000, 0x00000000e0000000)
  object space 175616K, 16% used [0x00000000a0000000,0x00000000a1c36080,0x00000000aab80000)
 Metaspace       used 57581K, capacity 59032K, committed 59160K, reserved 1099776K
  class space    used 7734K, capacity 8154K, committed 8240K, reserved 1048576K
}
Event: 7.553 GC heap before
{Heap before GC invocations=12 (full 3):
 PSYoungGen      total 112128K, used 13800K [0x00000000e0000000, 0x00000000e7e00000, 0x0000000100000000)
  eden space 98304K, 0% used [0x00000000e0000000,0x00000000e0000000,0x00000000e6000000)
  from space 13824K, 99% used [0x00000000e6000000,0x00000000e6d7a180,0x00000000e6d80000)
  to   space 12288K, 0% used [0x00000000e6d80000,0x00000000e6d80000,0x00000000e7980000)
 ParOldGen       total 175616K, used 28888K [0x00000000a0000000, 0x00000000aab80000, 0x00000000e0000000)
  object space 175616K, 16% used [0x00000000a0000000,0x00000000a1c36080,0x00000000aab80000)
 Metaspace       used 57581K, capacity 59032K, committed 59160K, reserved 1099776K
  class space    used 7734K, capacity 8154K, committed 8240K, reserved 1048576K
Event: 7.687 GC heap after
Heap after GC invocations=12 (full 3):
 PSYoungGen      total 112128K, used 0K [0x00000000e0000000, 0x00000000e7e00000, 0x0000000100000000)
  eden space 98304K, 0% used [0x00000000e0000000,0x00000000e0000000,0x00000000e6000000)
  from space 13824K, 0% used [0x00000000e6000000,0x00000000e6000000,0x00000000e6d80000)
  to   space 12288K, 0% used [0x00000000e6d80000,0x00000000e6d80000,0x00000000e7980000)
 ParOldGen       total 175616K, used 31959K [0x00000000a0000000, 0x00000000aab80000, 0x00000000e0000000)
  object space 175616K, 18% used [0x00000000a0000000,0x00000000a1f35ef8,0x00000000aab80000)
 Metaspace       used 57557K, capacity 58944K, committed 59160K, reserved 1099776K
  class space    used 7727K, capacity 8146K, committed 8240K, reserved 1048576K
}

